<component name="libraryTable">
  <library name="junit-plugin">
    <ANNOTATIONS>
      <root url="file://$PROJECT_DIR$/annotations" />
    </ANNOTATIONS>
    <CLASSES>
      <root url="jar://$PROJECT_DIR$/ideaSDK/plugins/junit/lib/idea-junit.jar!/" />
    </CLASSES>
    <JAVADOC />
    <SOURCES>
      <root url="jar://$PROJECT_DIR$/ideaSDK/sources/sources.jar!/" />
    </SOURCES>
  </library>
</component>