<idea-plugin>
  <extensions defaultExtensionNs="com.intellij">
    <runConfigurationProducer implementation="org.jetbrains.kotlin.android.run.KotlinAndroidJUnitRunConfigurationProducer"/>
    <runConfigurationProducer implementation="org.jetbrains.kotlin.idea.run.KotlinPatternConfigurationProducer"/>
  </extensions>
</idea-plugin>
