<idea-plugin>
  <extensions defaultExtensionNs="com.intellij">
    <configurationProducer implementation="org.jetbrains.jet.plugin.run.JetJUnitConfigurationProducer"/>
  </extensions>
</idea-plugin>